<?xml version="1.0" encoding="UTF-8" ?>
<testsuites>
 <testsuite name="advent3_script" package="Nothing.suite" timestamp="2021-12-14 14:37:17.564 -0700"
 tests="1"  failures="1" errors="0" time="0.005701">
  <properties>
   <property name="RunDate" value="2021-12-14 14:37:17.564 -0700"/>
   <property name="Status" value="Failure"/>
  </properties>
  <testcase name="advent3.script" assertions="1" status="failure"  time="0.001895">
    <failure type="FAILURE" message="SenseTalk Compiler Exception: in advent3:\nSyntax Error at line 24: Syntax Error - can't understand &quot;repeat&quot; at character 6 -- Execution Time 0:00:00 advent3.script" />
  </testcase>
 </testsuite>
</testsuites>
