2021-12-14 14:37:17.566 -0700	START		Running advent3.script
2021-12-14 14:37:17.570 -0700	EndTestCase		(Duration:"0.001895", Errors:"1", Exceptions:"0", StartTime:"2021-12-14 14:37:17 -0700", Successes:"0", TestCase:"advent3.script", Warnings:"0")
2021-12-14 14:37:17.649 -0700	FAILURE	Screen_Error.png	SenseTalk Compiler Exception: in advent3:\nSyntax Error at line 24: Syntax Error - can't understand "repeat" at character 6 -- Execution Time 0:00:00 advent3.script
