<?xml version="1.0" encoding="UTF-8" ?>
<testsuites>
 <testsuite name="advent1_script" package="Nothing.suite" timestamp="2021-12-14 10:04:10.435 -0700"
 tests="1"  failures="1" errors="0" time="0.115452">
  <properties>
   <property name="RunDate" value="2021-12-14 10:04:10.435 -0700"/>
   <property name="Status" value="Failure"/>
  </properties>
  <testcase name="advent1.script" assertions="1" status="failure"  time="0.111229">
    <failure type="FAILURE" message="STFileException: Failed to read file /Users/weverett/Documents/advent2021/advent1a.txt -- Execution Time 0:00:00 advent1.script" />
  </testcase>
 </testsuite>
</testsuites>
