<?xml version="1.0" encoding="UTF-8" ?>
<testsuites>
 <testsuite name="Test_script" package="Nothing.suite" timestamp="2022-02-23 11:01:59.738 -0700"
 tests="1"  failures="1" errors="1" time="4.682600">
  <properties>
   <property name="RunDate" value="2022-02-23 11:01:59.738 -0700"/>
   <property name="Status" value="Failure"/>
  </properties>
  <testcase name="Test.script" assertions="1" status="error"  time="4.612568">
    <failure type="FAILURE" message="Image Not Found: moveto Error - No Image Found On Screen: &quot;CDC&quot; -- Execution Time 0:00:04 Test.script" />
    <error type="Exception" message="No Image Found On Screen: &quot;CDC&quot;" />
  </testcase>
 </testsuite>
</testsuites>
